<?xml version="1.0" encoding="UTF-8"?>
<!-- Generated by org.testng.reporters.JUnitXMLReporter -->
<testsuite hostname="DESKTOP-73BURMK" ignored="0" name="Test" tests="425" failures="0" timestamp="2020-01-15T12:07:42 IST" time="56.676" errors="0">
  <testcase name="@BeforeTest URLlanch" time="54.392" classname="Falcon.ParameterDataProviderWithClassLevel">
    <failure type="org.openqa.selenium.NoSuchElementException" message="no such element: Unable to locate element: {&amp;quot;method&amp;quot;:&amp;quot;css selector&amp;quot;,&amp;quot;selector&amp;quot;:&amp;quot;*[name=&amp;apos;email&amp;apos;]&amp;quot;}
  (Session info: chrome=79.0.3945.117)
For documentation on this error, please visit: https://www.seleniumhq.org/exceptions/no_such_element.html
Build info: version: &amp;apos;3.141.59&amp;apos;, revision: &amp;apos;e82be7d358&amp;apos;, time: &amp;apos;2018-11-14T08:25:53&amp;apos;
System info: host: &amp;apos;DESKTOP-73BURMK&amp;apos;, ip: &amp;apos;10.0.0.24&amp;apos;, os.name: &amp;apos;Windows 10&amp;apos;, os.arch: &amp;apos;amd64&amp;apos;, os.version: &amp;apos;10.0&amp;apos;, java.version: &amp;apos;1.8.0_221&amp;apos;
Driver info: org.openqa.selenium.chrome.ChromeDriver
Capabilities {acceptInsecureCerts: false, browserName: chrome, browserVersion: 79.0.3945.117, chrome: {chromedriverVersion: 79.0.3945.36 (3582db32b3389..., userDataDir: C:\Users\admin\AppData\Loca...}, goog:chromeOptions: {debuggerAddress: localhost:51231}, javascriptEnabled: true, networkConnectionEnabled: false, pageLoadStrategy: normal, platform: WINDOWS, platformName: WINDOWS, proxy: Proxy(), setWindowRect: true, strictFileInteractability: false, timeouts: {implicit: 0, pageLoad: 300000, script: 30000}, unhandledPromptBehavior: dismiss and notify}
Session ID: fec70e975f1bbeef85b96c791cb86588
*** Element info: {Using=name, value=email}">
      <![CDATA[org.openqa.selenium.NoSuchElementException: no such element: Unable to locate element: {"method":"css selector","selector":"*[name='email']"}
  (Session info: chrome=79.0.3945.117)
For documentation on this error, please visit: https://www.seleniumhq.org/exceptions/no_such_element.html
Build info: version: '3.141.59', revision: 'e82be7d358', time: '2018-11-14T08:25:53'
System info: host: 'DESKTOP-73BURMK', ip: '10.0.0.24', os.name: 'Windows 10', os.arch: 'amd64', os.version: '10.0', java.version: '1.8.0_221'
Driver info: org.openqa.selenium.chrome.ChromeDriver
Capabilities {acceptInsecureCerts: false, browserName: chrome, browserVersion: 79.0.3945.117, chrome: {chromedriverVersion: 79.0.3945.36 (3582db32b3389..., userDataDir: C:\Users\admin\AppData\Loca...}, goog:chromeOptions: {debuggerAddress: localhost:51231}, javascriptEnabled: true, networkConnectionEnabled: false, pageLoadStrategy: normal, platform: WINDOWS, platformName: WINDOWS, proxy: Proxy(), setWindowRect: true, strictFileInteractability: false, timeouts: {implicit: 0, pageLoad: 300000, script: 30000}, unhandledPromptBehavior: dismiss and notify}
Session ID: fec70e975f1bbeef85b96c791cb86588
*** Element info: {Using=name, value=email}
at org.openqa.selenium.remote.http.W3CHttpResponseCodec.createException(W3CHttpResponseCodec.java:187)
at org.openqa.selenium.remote.http.W3CHttpResponseCodec.decode(W3CHttpResponseCodec.java:122)
at org.openqa.selenium.remote.http.W3CHttpResponseCodec.decode(W3CHttpResponseCodec.java:49)
at org.openqa.selenium.remote.HttpCommandExecutor.execute(HttpCommandExecutor.java:158)
at org.openqa.selenium.remote.service.DriverCommandExecutor.execute(DriverCommandExecutor.java:83)
at org.openqa.selenium.remote.RemoteWebDriver.execute(RemoteWebDriver.java:552)
at org.openqa.selenium.remote.RemoteWebDriver.findElement(RemoteWebDriver.java:323)
at org.openqa.selenium.remote.RemoteWebDriver.findElementByName(RemoteWebDriver.java:404)
at org.openqa.selenium.By$ByName.findElement(By.java:284)
at org.openqa.selenium.remote.RemoteWebDriver.findElement(RemoteWebDriver.java:315)
at Falcon.ParameterDataProviderWithClassLevel.URLlanch(ParameterDataProviderWithClassLevel.java:55)
... Removed 28 stack frames]]>
    </failure>
  </testcase> <!-- @BeforeTest URLlanch -->
  <testcase name="@AfterTest tearDown" time="-1.579070261931E9" classname="Falcon.ParameterDataProviderWithClassLevel">
    <skipped/>
  </testcase> <!-- @AfterTest tearDown -->
  <testcase name="testMethod" time="0.0" classname="Falcon.ParameterDataProviderWithClassLevel">
    <skipped/>
  </testcase> <!-- testMethod -->
  <testcase name="testMethod" time="0.0" classname="Falcon.ParameterDataProviderWithClassLevel">
    <skipped/>
  </testcase> <!-- testMethod -->
  <testcase name="testMethod" time="0.0" classname="Falcon.ParameterDataProviderWithClassLevel">
    <skipped/>
  </testcase> <!-- testMethod -->
  <testcase name="testMethod" time="0.0" classname="Falcon.ParameterDataProviderWithClassLevel">
    <skipped/>
  </testcase> <!-- testMethod -->
  <testcase name="testMethod" time="0.0" classname="Falcon.ParameterDataProviderWithClassLevel">
    <skipped/>
  </testcase> <!-- testMethod -->
  <testcase name="testMethod" time="0.0" classname="Falcon.ParameterDataProviderWithClassLevel">
    <skipped/>
  </testcase> <!-- testMethod -->
  <testcase name="testMethod" time="0.0" classname="Falcon.ParameterDataProviderWithClassLevel">
    <skipped/>
  </testcase> <!-- testMethod -->
  <testcase name="testMethod" time="0.0" classname="Falcon.ParameterDataProviderWithClassLevel">
    <skipped/>
  </testcase> <!-- testMethod -->
  <testcase name="testMethod" time="0.0" classname="Falcon.ParameterDataProviderWithClassLevel">
    <skipped/>
  </testcase> <!-- testMethod -->
  <testcase name="testMethod" time="0.0" classname="Falcon.ParameterDataProviderWithClassLevel">
    <skipped/>
  </testcase> <!-- testMethod -->
  <testcase name="testMethod" time="0.0" classname="Falcon.ParameterDataProviderWithClassLevel">
    <skipped/>
  </testcase> <!-- testMethod -->
  <testcase name="testMethod" time="0.0" classname="Falcon.ParameterDataProviderWithClassLevel">
    <skipped/>
  </testcase> <!-- testMethod -->
  <testcase name="testMethod" time="0.0" classname="Falcon.ParameterDataProviderWithClassLevel">
    <skipped/>
  </testcase> <!-- testMethod -->
  <testcase name="testMethod" time="0.0" classname="Falcon.ParameterDataProviderWithClassLevel">
    <skipped/>
  </testcase> <!-- testMethod -->
  <testcase name="testMethod" time="0.0" classname="Falcon.ParameterDataProviderWithClassLevel">
    <skipped/>
  </testcase> <!-- testMethod -->
  <testcase name="testMethod" time="0.0" classname="Falcon.ParameterDataProviderWithClassLevel">
    <skipped/>
  </testcase> <!-- testMethod -->
  <testcase name="testMethod" time="0.0" classname="Falcon.ParameterDataProviderWithClassLevel">
    <skipped/>
  </testcase> <!-- testMethod -->
  <testcase name="testMethod" time="0.0" classname="Falcon.ParameterDataProviderWithClassLevel">
    <skipped/>
  </testcase> <!-- testMethod -->
  <testcase name="testMethod" time="0.0" classname="Falcon.ParameterDataProviderWithClassLevel">
    <skipped/>
  </testcase> <!-- testMethod -->
  <testcase name="testMethod" time="0.0" classname="Falcon.ParameterDataProviderWithClassLevel">
    <skipped/>
  </testcase> <!-- testMethod -->
  <testcase name="testMethod" time="0.0" classname="Falcon.ParameterDataProviderWithClassLevel">
    <skipped/>
  </testcase> <!-- testMethod -->
  <testcase name="testMethod" time="0.0" classname="Falcon.ParameterDataProviderWithClassLevel">
    <skipped/>
  </testcase> <!-- testMethod -->
  <testcase name="testMethod" time="0.0" classname="Falcon.ParameterDataProviderWithClassLevel">
    <skipped/>
  </testcase> <!-- testMethod -->
  <testcase name="testMethod" time="0.0" classname="Falcon.ParameterDataProviderWithClassLevel">
    <skipped/>
  </testcase> <!-- testMethod -->
  <testcase name="testMethod" time="0.0" classname="Falcon.ParameterDataProviderWithClassLevel">
    <skipped/>
  </testcase> <!-- testMethod -->
  <testcase name="testMethod" time="0.0" classname="Falcon.ParameterDataProviderWithClassLevel">
    <skipped/>
  </testcase> <!-- testMethod -->
  <testcase name="testMethod" time="0.0" classname="Falcon.ParameterDataProviderWithClassLevel">
    <skipped/>
  </testcase> <!-- testMethod -->
  <testcase name="testMethod" time="0.0" classname="Falcon.ParameterDataProviderWithClassLevel">
    <skipped/>
  </testcase> <!-- testMethod -->
  <testcase name="testMethod" time="0.0" classname="Falcon.ParameterDataProviderWithClassLevel">
    <skipped/>
  </testcase> <!-- testMethod -->
  <testcase name="testMethod" time="0.0" classname="Falcon.ParameterDataProviderWithClassLevel">
    <skipped/>
  </testcase> <!-- testMethod -->
  <testcase name="testMethod" time="0.0" classname="Falcon.ParameterDataProviderWithClassLevel">
    <skipped/>
  </testcase> <!-- testMethod -->
  <testcase name="testMethod" time="0.0" classname="Falcon.ParameterDataProviderWithClassLevel">
    <skipped/>
  </testcase> <!-- testMethod -->
  <testcase name="testMethod" time="0.0" classname="Falcon.ParameterDataProviderWithClassLevel">
    <skipped/>
  </testcase> <!-- testMethod -->
  <testcase name="testMethod" time="0.0" classname="Falcon.ParameterDataProviderWithClassLevel">
    <skipped/>
  </testcase> <!-- testMethod -->
  <testcase name="testMethod" time="0.0" classname="Falcon.ParameterDataProviderWithClassLevel">
    <skipped/>
  </testcase> <!-- testMethod -->
  <testcase name="testMethod" time="0.0" classname="Falcon.ParameterDataProviderWithClassLevel">
    <skipped/>
  </testcase> <!-- testMethod -->
  <testcase name="testMethod" time="0.0" classname="Falcon.ParameterDataProviderWithClassLevel">
    <skipped/>
  </testcase> <!-- testMethod -->
  <testcase name="testMethod" time="0.0" classname="Falcon.ParameterDataProviderWithClassLevel">
    <skipped/>
  </testcase> <!-- testMethod -->
  <testcase name="testMethod" time="0.0" classname="Falcon.ParameterDataProviderWithClassLevel">
    <skipped/>
  </testcase> <!-- testMethod -->
  <testcase name="testMethod" time="0.0" classname="Falcon.ParameterDataProviderWithClassLevel">
    <skipped/>
  </testcase> <!-- testMethod -->
  <testcase name="testMethod" time="0.0" classname="Falcon.ParameterDataProviderWithClassLevel">
    <skipped/>
  </testcase> <!-- testMethod -->
  <testcase name="testMethod" time="0.0" classname="Falcon.ParameterDataProviderWithClassLevel">
    <skipped/>
  </testcase> <!-- testMethod -->
  <testcase name="testMethod" time="0.0" classname="Falcon.ParameterDataProviderWithClassLevel">
    <skipped/>
  </testcase> <!-- testMethod -->
  <testcase name="testMethod" time="0.0" classname="Falcon.ParameterDataProviderWithClassLevel">
    <skipped/>
  </testcase> <!-- testMethod -->
  <testcase name="testMethod" time="0.0" classname="Falcon.ParameterDataProviderWithClassLevel">
    <skipped/>
  </testcase> <!-- testMethod -->
  <testcase name="testMethod" time="0.0" classname="Falcon.ParameterDataProviderWithClassLevel">
    <skipped/>
  </testcase> <!-- testMethod -->
  <testcase name="testMethod" time="0.0" classname="Falcon.ParameterDataProviderWithClassLevel">
    <skipped/>
  </testcase> <!-- testMethod -->
  <testcase name="testMethod" time="0.0" classname="Falcon.ParameterDataProviderWithClassLevel">
    <skipped/>
  </testcase> <!-- testMethod -->
  <testcase name="testMethod" time="0.0" classname="Falcon.ParameterDataProviderWithClassLevel">
    <skipped/>
  </testcase> <!-- testMethod -->
  <testcase name="testMethod" time="0.0" classname="Falcon.ParameterDataProviderWithClassLevel">
    <skipped/>
  </testcase> <!-- testMethod -->
  <testcase name="testMethod" time="0.0" classname="Falcon.ParameterDataProviderWithClassLevel">
    <skipped/>
  </testcase> <!-- testMethod -->
  <testcase name="testMethod" time="0.0" classname="Falcon.ParameterDataProviderWithClassLevel">
    <skipped/>
  </testcase> <!-- testMethod -->
  <testcase name="testMethod" time="0.0" classname="Falcon.ParameterDataProviderWithClassLevel">
    <skipped/>
  </testcase> <!-- testMethod -->
  <testcase name="testMethod" time="0.0" classname="Falcon.ParameterDataProviderWithClassLevel">
    <skipped/>
  </testcase> <!-- testMethod -->
  <testcase name="testMethod" time="0.0" classname="Falcon.ParameterDataProviderWithClassLevel">
    <skipped/>
  </testcase> <!-- testMethod -->
  <testcase name="testMethod" time="0.0" classname="Falcon.ParameterDataProviderWithClassLevel">
    <skipped/>
  </testcase> <!-- testMethod -->
  <testcase name="testMethod" time="0.0" classname="Falcon.ParameterDataProviderWithClassLevel">
    <skipped/>
  </testcase> <!-- testMethod -->
  <testcase name="testMethod" time="0.0" classname="Falcon.ParameterDataProviderWithClassLevel">
    <skipped/>
  </testcase> <!-- testMethod -->
  <testcase name="testMethod" time="0.0" classname="Falcon.ParameterDataProviderWithClassLevel">
    <skipped/>
  </testcase> <!-- testMethod -->
  <testcase name="testMethod" time="0.0" classname="Falcon.ParameterDataProviderWithClassLevel">
    <skipped/>
  </testcase> <!-- testMethod -->
  <testcase name="testMethod" time="0.0" classname="Falcon.ParameterDataProviderWithClassLevel">
    <skipped/>
  </testcase> <!-- testMethod -->
  <testcase name="testMethod" time="0.0" classname="Falcon.ParameterDataProviderWithClassLevel">
    <skipped/>
  </testcase> <!-- testMethod -->
  <testcase name="testMethod" time="0.0" classname="Falcon.ParameterDataProviderWithClassLevel">
    <skipped/>
  </testcase> <!-- testMethod -->
  <testcase name="testMethod" time="0.0" classname="Falcon.ParameterDataProviderWithClassLevel">
    <skipped/>
  </testcase> <!-- testMethod -->
  <testcase name="testMethod" time="0.0" classname="Falcon.ParameterDataProviderWithClassLevel">
    <skipped/>
  </testcase> <!-- testMethod -->
  <testcase name="testMethod" time="0.0" classname="Falcon.ParameterDataProviderWithClassLevel">
    <skipped/>
  </testcase> <!-- testMethod -->
  <testcase name="testMethod" time="0.0" classname="Falcon.ParameterDataProviderWithClassLevel">
    <skipped/>
  </testcase> <!-- testMethod -->
  <testcase name="testMethod" time="0.0" classname="Falcon.ParameterDataProviderWithClassLevel">
    <skipped/>
  </testcase> <!-- testMethod -->
  <testcase name="testMethod" time="0.0" classname="Falcon.ParameterDataProviderWithClassLevel">
    <skipped/>
  </testcase> <!-- testMethod -->
  <testcase name="testMethod" time="0.0" classname="Falcon.ParameterDataProviderWithClassLevel">
    <skipped/>
  </testcase> <!-- testMethod -->
  <testcase name="testMethod" time="0.0" classname="Falcon.ParameterDataProviderWithClassLevel">
    <skipped/>
  </testcase> <!-- testMethod -->
  <testcase name="testMethod" time="0.0" classname="Falcon.ParameterDataProviderWithClassLevel">
    <skipped/>
  </testcase> <!-- testMethod -->
  <testcase name="testMethod" time="0.0" classname="Falcon.ParameterDataProviderWithClassLevel">
    <skipped/>
  </testcase> <!-- testMethod -->
  <testcase name="testMethod" time="0.0" classname="Falcon.ParameterDataProviderWithClassLevel">
    <skipped/>
  </testcase> <!-- testMethod -->
  <testcase name="testMethod" time="0.0" classname="Falcon.ParameterDataProviderWithClassLevel">
    <skipped/>
  </testcase> <!-- testMethod -->
  <testcase name="testMethod" time="0.0" classname="Falcon.ParameterDataProviderWithClassLevel">
    <skipped/>
  </testcase> <!-- testMethod -->
  <testcase name="testMethod" time="0.0" classname="Falcon.ParameterDataProviderWithClassLevel">
    <skipped/>
  </testcase> <!-- testMethod -->
  <testcase name="testMethod" time="0.0" classname="Falcon.ParameterDataProviderWithClassLevel">
    <skipped/>
  </testcase> <!-- testMethod -->
  <testcase name="testMethod" time="0.0" classname="Falcon.ParameterDataProviderWithClassLevel">
    <skipped/>
  </testcase> <!-- testMethod -->
  <testcase name="testMethod" time="0.0" classname="Falcon.ParameterDataProviderWithClassLevel">
    <skipped/>
  </testcase> <!-- testMethod -->
  <testcase name="testMethod" time="0.0" classname="Falcon.ParameterDataProviderWithClassLevel">
    <skipped/>
  </testcase> <!-- testMethod -->
  <testcase name="testMethod" time="0.0" classname="Falcon.ParameterDataProviderWithClassLevel">
    <skipped/>
  </testcase> <!-- testMethod -->
  <testcase name="testMethod" time="0.0" classname="Falcon.ParameterDataProviderWithClassLevel">
    <skipped/>
  </testcase> <!-- testMethod -->
  <testcase name="testMethod" time="0.0" classname="Falcon.ParameterDataProviderWithClassLevel">
    <skipped/>
  </testcase> <!-- testMethod -->
  <testcase name="testMethod" time="0.0" classname="Falcon.ParameterDataProviderWithClassLevel">
    <skipped/>
  </testcase> <!-- testMethod -->
  <testcase name="testMethod" time="0.0" classname="Falcon.ParameterDataProviderWithClassLevel">
    <skipped/>
  </testcase> <!-- testMethod -->
  <testcase name="testMethod" time="0.0" classname="Falcon.ParameterDataProviderWithClassLevel">
    <skipped/>
  </testcase> <!-- testMethod -->
  <testcase name="testMethod" time="0.0" classname="Falcon.ParameterDataProviderWithClassLevel">
    <skipped/>
  </testcase> <!-- testMethod -->
  <testcase name="testMethod" time="0.0" classname="Falcon.ParameterDataProviderWithClassLevel">
    <skipped/>
  </testcase> <!-- testMethod -->
  <testcase name="testMethod" time="0.0" classname="Falcon.ParameterDataProviderWithClassLevel">
    <skipped/>
  </testcase> <!-- testMethod -->
  <testcase name="testMethod" time="0.0" classname="Falcon.ParameterDataProviderWithClassLevel">
    <skipped/>
  </testcase> <!-- testMethod -->
  <testcase name="testMethod" time="0.0" classname="Falcon.ParameterDataProviderWithClassLevel">
    <skipped/>
  </testcase> <!-- testMethod -->
  <testcase name="testMethod" time="0.0" classname="Falcon.ParameterDataProviderWithClassLevel">
    <skipped/>
  </testcase> <!-- testMethod -->
  <testcase name="testMethod" time="0.0" classname="Falcon.ParameterDataProviderWithClassLevel">
    <skipped/>
  </testcase> <!-- testMethod -->
  <testcase name="testMethod" time="0.0" classname="Falcon.ParameterDataProviderWithClassLevel">
    <skipped/>
  </testcase> <!-- testMethod -->
  <testcase name="testMethod" time="0.0" classname="Falcon.ParameterDataProviderWithClassLevel">
    <skipped/>
  </testcase> <!-- testMethod -->
  <testcase name="testMethod" time="0.0" classname="Falcon.ParameterDataProviderWithClassLevel">
    <skipped/>
  </testcase> <!-- testMethod -->
  <testcase name="testMethod" time="0.0" classname="Falcon.ParameterDataProviderWithClassLevel">
    <skipped/>
  </testcase> <!-- testMethod -->
  <testcase name="testMethod" time="0.0" classname="Falcon.ParameterDataProviderWithClassLevel">
    <skipped/>
  </testcase> <!-- testMethod -->
  <testcase name="testMethod" time="0.0" classname="Falcon.ParameterDataProviderWithClassLevel">
    <skipped/>
  </testcase> <!-- testMethod -->
  <testcase name="testMethod" time="0.0" classname="Falcon.ParameterDataProviderWithClassLevel">
    <skipped/>
  </testcase> <!-- testMethod -->
  <testcase name="testMethod" time="0.0" classname="Falcon.ParameterDataProviderWithClassLevel">
    <skipped/>
  </testcase> <!-- testMethod -->
  <testcase name="testMethod" time="0.0" classname="Falcon.ParameterDataProviderWithClassLevel">
    <skipped/>
  </testcase> <!-- testMethod -->
  <testcase name="testMethod" time="0.0" classname="Falcon.ParameterDataProviderWithClassLevel">
    <skipped/>
  </testcase> <!-- testMethod -->
  <testcase name="testMethod" time="0.0" classname="Falcon.ParameterDataProviderWithClassLevel">
    <skipped/>
  </testcase> <!-- testMethod -->
  <testcase name="testMethod" time="0.0" classname="Falcon.ParameterDataProviderWithClassLevel">
    <skipped/>
  </testcase> <!-- testMethod -->
  <testcase name="testMethod" time="0.0" classname="Falcon.ParameterDataProviderWithClassLevel">
    <skipped/>
  </testcase> <!-- testMethod -->
  <testcase name="testMethod" time="0.0" classname="Falcon.ParameterDataProviderWithClassLevel">
    <skipped/>
  </testcase> <!-- testMethod -->
  <testcase name="testMethod" time="0.0" classname="Falcon.ParameterDataProviderWithClassLevel">
    <skipped/>
  </testcase> <!-- testMethod -->
  <testcase name="testMethod" time="0.0" classname="Falcon.ParameterDataProviderWithClassLevel">
    <skipped/>
  </testcase> <!-- testMethod -->
  <testcase name="testMethod" time="0.0" classname="Falcon.ParameterDataProviderWithClassLevel">
    <skipped/>
  </testcase> <!-- testMethod -->
  <testcase name="testMethod" time="0.0" classname="Falcon.ParameterDataProviderWithClassLevel">
    <skipped/>
  </testcase> <!-- testMethod -->
  <testcase name="testMethod" time="0.0" classname="Falcon.ParameterDataProviderWithClassLevel">
    <skipped/>
  </testcase> <!-- testMethod -->
  <testcase name="testMethod" time="0.0" classname="Falcon.ParameterDataProviderWithClassLevel">
    <skipped/>
  </testcase> <!-- testMethod -->
  <testcase name="testMethod" time="0.0" classname="Falcon.ParameterDataProviderWithClassLevel">
    <skipped/>
  </testcase> <!-- testMethod -->
  <testcase name="testMethod" time="0.0" classname="Falcon.ParameterDataProviderWithClassLevel">
    <skipped/>
  </testcase> <!-- testMethod -->
  <testcase name="testMethod" time="0.0" classname="Falcon.ParameterDataProviderWithClassLevel">
    <skipped/>
  </testcase> <!-- testMethod -->
  <testcase name="testMethod" time="0.0" classname="Falcon.ParameterDataProviderWithClassLevel">
    <skipped/>
  </testcase> <!-- testMethod -->
  <testcase name="testMethod" time="0.0" classname="Falcon.ParameterDataProviderWithClassLevel">
    <skipped/>
  </testcase> <!-- testMethod -->
  <testcase name="testMethod" time="0.0" classname="Falcon.ParameterDataProviderWithClassLevel">
    <skipped/>
  </testcase> <!-- testMethod -->
  <testcase name="testMethod" time="0.0" classname="Falcon.ParameterDataProviderWithClassLevel">
    <skipped/>
  </testcase> <!-- testMethod -->
  <testcase name="testMethod" time="0.0" classname="Falcon.ParameterDataProviderWithClassLevel">
    <skipped/>
  </testcase> <!-- testMethod -->
  <testcase name="testMethod" time="0.0" classname="Falcon.ParameterDataProviderWithClassLevel">
    <skipped/>
  </testcase> <!-- testMethod -->
  <testcase name="testMethod" time="0.0" classname="Falcon.ParameterDataProviderWithClassLevel">
    <skipped/>
  </testcase> <!-- testMethod -->
  <testcase name="testMethod" time="0.0" classname="Falcon.ParameterDataProviderWithClassLevel">
    <skipped/>
  </testcase> <!-- testMethod -->
  <testcase name="testMethod" time="0.0" classname="Falcon.ParameterDataProviderWithClassLevel">
    <skipped/>
  </testcase> <!-- testMethod -->
  <testcase name="testMethod" time="0.0" classname="Falcon.ParameterDataProviderWithClassLevel">
    <skipped/>
  </testcase> <!-- testMethod -->
  <testcase name="testMethod" time="0.0" classname="Falcon.ParameterDataProviderWithClassLevel">
    <skipped/>
  </testcase> <!-- testMethod -->
  <testcase name="testMethod" time="0.0" classname="Falcon.ParameterDataProviderWithClassLevel">
    <skipped/>
  </testcase> <!-- testMethod -->
  <testcase name="testMethod" time="0.0" classname="Falcon.ParameterDataProviderWithClassLevel">
    <skipped/>
  </testcase> <!-- testMethod -->
  <testcase name="testMethod" time="0.0" classname="Falcon.ParameterDataProviderWithClassLevel">
    <skipped/>
  </testcase> <!-- testMethod -->
  <testcase name="testMethod" time="0.0" classname="Falcon.ParameterDataProviderWithClassLevel">
    <skipped/>
  </testcase> <!-- testMethod -->
  <testcase name="testMethod" time="0.0" classname="Falcon.ParameterDataProviderWithClassLevel">
    <skipped/>
  </testcase> <!-- testMethod -->
  <testcase name="testMethod" time="0.0" classname="Falcon.ParameterDataProviderWithClassLevel">
    <skipped/>
  </testcase> <!-- testMethod -->
  <testcase name="testMethod" time="0.0" classname="Falcon.ParameterDataProviderWithClassLevel">
    <skipped/>
  </testcase> <!-- testMethod -->
  <testcase name="testMethod" time="0.0" classname="Falcon.ParameterDataProviderWithClassLevel">
    <skipped/>
  </testcase> <!-- testMethod -->
  <testcase name="testMethod" time="0.0" classname="Falcon.ParameterDataProviderWithClassLevel">
    <skipped/>
  </testcase> <!-- testMethod -->
  <testcase name="testMethod" time="0.0" classname="Falcon.ParameterDataProviderWithClassLevel">
    <skipped/>
  </testcase> <!-- testMethod -->
  <testcase name="testMethod" time="0.0" classname="Falcon.ParameterDataProviderWithClassLevel">
    <skipped/>
  </testcase> <!-- testMethod -->
  <testcase name="testMethod" time="0.0" classname="Falcon.ParameterDataProviderWithClassLevel">
    <skipped/>
  </testcase> <!-- testMethod -->
  <testcase name="testMethod" time="0.0" classname="Falcon.ParameterDataProviderWithClassLevel">
    <skipped/>
  </testcase> <!-- testMethod -->
  <testcase name="testMethod" time="0.0" classname="Falcon.ParameterDataProviderWithClassLevel">
    <skipped/>
  </testcase> <!-- testMethod -->
  <testcase name="testMethod" time="0.0" classname="Falcon.ParameterDataProviderWithClassLevel">
    <skipped/>
  </testcase> <!-- testMethod -->
  <testcase name="testMethod" time="0.0" classname="Falcon.ParameterDataProviderWithClassLevel">
    <skipped/>
  </testcase> <!-- testMethod -->
  <testcase name="testMethod" time="0.0" classname="Falcon.ParameterDataProviderWithClassLevel">
    <skipped/>
  </testcase> <!-- testMethod -->
  <testcase name="testMethod" time="0.0" classname="Falcon.ParameterDataProviderWithClassLevel">
    <skipped/>
  </testcase> <!-- testMethod -->
  <testcase name="testMethod" time="0.0" classname="Falcon.ParameterDataProviderWithClassLevel">
    <skipped/>
  </testcase> <!-- testMethod -->
  <testcase name="testMethod" time="0.0" classname="Falcon.ParameterDataProviderWithClassLevel">
    <skipped/>
  </testcase> <!-- testMethod -->
  <testcase name="testMethod" time="0.0" classname="Falcon.ParameterDataProviderWithClassLevel">
    <skipped/>
  </testcase> <!-- testMethod -->
  <testcase name="testMethod" time="0.0" classname="Falcon.ParameterDataProviderWithClassLevel">
    <skipped/>
  </testcase> <!-- testMethod -->
  <testcase name="testMethod" time="0.0" classname="Falcon.ParameterDataProviderWithClassLevel">
    <skipped/>
  </testcase> <!-- testMethod -->
  <testcase name="testMethod" time="0.0" classname="Falcon.ParameterDataProviderWithClassLevel">
    <skipped/>
  </testcase> <!-- testMethod -->
  <testcase name="testMethod" time="0.0" classname="Falcon.ParameterDataProviderWithClassLevel">
    <skipped/>
  </testcase> <!-- testMethod -->
  <testcase name="testMethod" time="0.0" classname="Falcon.ParameterDataProviderWithClassLevel">
    <skipped/>
  </testcase> <!-- testMethod -->
  <testcase name="testMethod" time="0.0" classname="Falcon.ParameterDataProviderWithClassLevel">
    <skipped/>
  </testcase> <!-- testMethod -->
  <testcase name="testMethod" time="0.0" classname="Falcon.ParameterDataProviderWithClassLevel">
    <skipped/>
  </testcase> <!-- testMethod -->
  <testcase name="testMethod" time="0.0" classname="Falcon.ParameterDataProviderWithClassLevel">
    <skipped/>
  </testcase> <!-- testMethod -->
  <testcase name="testMethod" time="0.0" classname="Falcon.ParameterDataProviderWithClassLevel">
    <skipped/>
  </testcase> <!-- testMethod -->
  <testcase name="testMethod" time="0.0" classname="Falcon.ParameterDataProviderWithClassLevel">
    <skipped/>
  </testcase> <!-- testMethod -->
  <testcase name="testMethod" time="0.0" classname="Falcon.ParameterDataProviderWithClassLevel">
    <skipped/>
  </testcase> <!-- testMethod -->
  <testcase name="testMethod" time="0.0" classname="Falcon.ParameterDataProviderWithClassLevel">
    <skipped/>
  </testcase> <!-- testMethod -->
  <testcase name="testMethod" time="0.0" classname="Falcon.ParameterDataProviderWithClassLevel">
    <skipped/>
  </testcase> <!-- testMethod -->
  <testcase name="testMethod" time="0.0" classname="Falcon.ParameterDataProviderWithClassLevel">
    <skipped/>
  </testcase> <!-- testMethod -->
  <testcase name="testMethod" time="0.0" classname="Falcon.ParameterDataProviderWithClassLevel">
    <skipped/>
  </testcase> <!-- testMethod -->
  <testcase name="testMethod" time="0.0" classname="Falcon.ParameterDataProviderWithClassLevel">
    <skipped/>
  </testcase> <!-- testMethod -->
  <testcase name="testMethod" time="0.0" classname="Falcon.ParameterDataProviderWithClassLevel">
    <skipped/>
  </testcase> <!-- testMethod -->
  <testcase name="testMethod" time="0.0" classname="Falcon.ParameterDataProviderWithClassLevel">
    <skipped/>
  </testcase> <!-- testMethod -->
  <testcase name="testMethod" time="0.0" classname="Falcon.ParameterDataProviderWithClassLevel">
    <skipped/>
  </testcase> <!-- testMethod -->
  <testcase name="testMethod" time="0.0" classname="Falcon.ParameterDataProviderWithClassLevel">
    <skipped/>
  </testcase> <!-- testMethod -->
  <testcase name="testMethod" time="0.0" classname="Falcon.ParameterDataProviderWithClassLevel">
    <skipped/>
  </testcase> <!-- testMethod -->
  <testcase name="testMethod" time="0.0" classname="Falcon.ParameterDataProviderWithClassLevel">
    <skipped/>
  </testcase> <!-- testMethod -->
  <testcase name="testMethod" time="0.0" classname="Falcon.ParameterDataProviderWithClassLevel">
    <skipped/>
  </testcase> <!-- testMethod -->
  <testcase name="testMethod" time="0.0" classname="Falcon.ParameterDataProviderWithClassLevel">
    <skipped/>
  </testcase> <!-- testMethod -->
  <testcase name="testMethod" time="0.0" classname="Falcon.ParameterDataProviderWithClassLevel">
    <skipped/>
  </testcase> <!-- testMethod -->
  <testcase name="testMethod" time="0.0" classname="Falcon.ParameterDataProviderWithClassLevel">
    <skipped/>
  </testcase> <!-- testMethod -->
  <testcase name="testMethod" time="0.0" classname="Falcon.ParameterDataProviderWithClassLevel">
    <skipped/>
  </testcase> <!-- testMethod -->
  <testcase name="testMethod" time="0.0" classname="Falcon.ParameterDataProviderWithClassLevel">
    <skipped/>
  </testcase> <!-- testMethod -->
  <testcase name="testMethod" time="0.0" classname="Falcon.ParameterDataProviderWithClassLevel">
    <skipped/>
  </testcase> <!-- testMethod -->
  <testcase name="testMethod" time="0.0" classname="Falcon.ParameterDataProviderWithClassLevel">
    <skipped/>
  </testcase> <!-- testMethod -->
  <testcase name="testMethod" time="0.0" classname="Falcon.ParameterDataProviderWithClassLevel">
    <skipped/>
  </testcase> <!-- testMethod -->
  <testcase name="testMethod" time="0.0" classname="Falcon.ParameterDataProviderWithClassLevel">
    <skipped/>
  </testcase> <!-- testMethod -->
  <testcase name="testMethod" time="0.0" classname="Falcon.ParameterDataProviderWithClassLevel">
    <skipped/>
  </testcase> <!-- testMethod -->
  <testcase name="testMethod" time="0.0" classname="Falcon.ParameterDataProviderWithClassLevel">
    <skipped/>
  </testcase> <!-- testMethod -->
  <testcase name="testMethod" time="0.0" classname="Falcon.ParameterDataProviderWithClassLevel">
    <skipped/>
  </testcase> <!-- testMethod -->
  <testcase name="testMethod" time="0.0" classname="Falcon.ParameterDataProviderWithClassLevel">
    <skipped/>
  </testcase> <!-- testMethod -->
  <testcase name="testMethod" time="0.0" classname="Falcon.ParameterDataProviderWithClassLevel">
    <skipped/>
  </testcase> <!-- testMethod -->
  <testcase name="testMethod" time="0.0" classname="Falcon.ParameterDataProviderWithClassLevel">
    <skipped/>
  </testcase> <!-- testMethod -->
  <testcase name="testMethod" time="0.0" classname="Falcon.ParameterDataProviderWithClassLevel">
    <skipped/>
  </testcase> <!-- testMethod -->
  <testcase name="testMethod" time="0.0" classname="Falcon.ParameterDataProviderWithClassLevel">
    <skipped/>
  </testcase> <!-- testMethod -->
  <testcase name="testMethod" time="0.0" classname="Falcon.ParameterDataProviderWithClassLevel">
    <skipped/>
  </testcase> <!-- testMethod -->
  <testcase name="testMethod" time="0.0" classname="Falcon.ParameterDataProviderWithClassLevel">
    <skipped/>
  </testcase> <!-- testMethod -->
  <testcase name="testMethod" time="0.0" classname="Falcon.ParameterDataProviderWithClassLevel">
    <skipped/>
  </testcase> <!-- testMethod -->
  <testcase name="testMethod" time="0.0" classname="Falcon.ParameterDataProviderWithClassLevel">
    <skipped/>
  </testcase> <!-- testMethod -->
  <testcase name="testMethod" time="0.0" classname="Falcon.ParameterDataProviderWithClassLevel">
    <skipped/>
  </testcase> <!-- testMethod -->
  <testcase name="testMethod" time="0.0" classname="Falcon.ParameterDataProviderWithClassLevel">
    <skipped/>
  </testcase> <!-- testMethod -->
  <testcase name="testMethod" time="0.0" classname="Falcon.ParameterDataProviderWithClassLevel">
    <skipped/>
  </testcase> <!-- testMethod -->
  <testcase name="testMethod" time="0.0" classname="Falcon.ParameterDataProviderWithClassLevel">
    <skipped/>
  </testcase> <!-- testMethod -->
  <testcase name="testMethod" time="0.0" classname="Falcon.ParameterDataProviderWithClassLevel">
    <skipped/>
  </testcase> <!-- testMethod -->
  <testcase name="testMethod" time="0.0" classname="Falcon.ParameterDataProviderWithClassLevel">
    <skipped/>
  </testcase> <!-- testMethod -->
  <testcase name="testMethod" time="0.0" classname="Falcon.ParameterDataProviderWithClassLevel">
    <skipped/>
  </testcase> <!-- testMethod -->
  <testcase name="testMethod" time="0.0" classname="Falcon.ParameterDataProviderWithClassLevel">
    <skipped/>
  </testcase> <!-- testMethod -->
  <testcase name="testMethod" time="0.0" classname="Falcon.ParameterDataProviderWithClassLevel">
    <skipped/>
  </testcase> <!-- testMethod -->
  <testcase name="testMethod" time="0.0" classname="Falcon.ParameterDataProviderWithClassLevel">
    <skipped/>
  </testcase> <!-- testMethod -->
  <testcase name="testMethod" time="0.0" classname="Falcon.ParameterDataProviderWithClassLevel">
    <skipped/>
  </testcase> <!-- testMethod -->
  <testcase name="testMethod" time="0.0" classname="Falcon.ParameterDataProviderWithClassLevel">
    <skipped/>
  </testcase> <!-- testMethod -->
  <testcase name="testMethod" time="0.0" classname="Falcon.ParameterDataProviderWithClassLevel">
    <skipped/>
  </testcase> <!-- testMethod -->
  <testcase name="testMethod" time="0.0" classname="Falcon.ParameterDataProviderWithClassLevel">
    <skipped/>
  </testcase> <!-- testMethod -->
  <testcase name="testMethod" time="0.0" classname="Falcon.ParameterDataProviderWithClassLevel">
    <skipped/>
  </testcase> <!-- testMethod -->
  <testcase name="testMethod" time="0.0" classname="Falcon.ParameterDataProviderWithClassLevel">
    <skipped/>
  </testcase> <!-- testMethod -->
  <testcase name="testMethod" time="0.0" classname="Falcon.ParameterDataProviderWithClassLevel">
    <skipped/>
  </testcase> <!-- testMethod -->
  <testcase name="testMethod" time="0.0" classname="Falcon.ParameterDataProviderWithClassLevel">
    <skipped/>
  </testcase> <!-- testMethod -->
  <testcase name="testMethod" time="0.0" classname="Falcon.ParameterDataProviderWithClassLevel">
    <skipped/>
  </testcase> <!-- testMethod -->
  <testcase name="testMethod" time="0.0" classname="Falcon.ParameterDataProviderWithClassLevel">
    <skipped/>
  </testcase> <!-- testMethod -->
  <testcase name="testMethod" time="0.0" classname="Falcon.ParameterDataProviderWithClassLevel">
    <skipped/>
  </testcase> <!-- testMethod -->
  <testcase name="testMethod" time="0.0" classname="Falcon.ParameterDataProviderWithClassLevel">
    <skipped/>
  </testcase> <!-- testMethod -->
  <testcase name="testMethod" time="0.0" classname="Falcon.ParameterDataProviderWithClassLevel">
    <skipped/>
  </testcase> <!-- testMethod -->
  <testcase name="testMethod" time="0.0" classname="Falcon.ParameterDataProviderWithClassLevel">
    <skipped/>
  </testcase> <!-- testMethod -->
  <testcase name="testMethod" time="0.0" classname="Falcon.ParameterDataProviderWithClassLevel">
    <skipped/>
  </testcase> <!-- testMethod -->
  <testcase name="testMethod" time="0.0" classname="Falcon.ParameterDataProviderWithClassLevel">
    <skipped/>
  </testcase> <!-- testMethod -->
  <testcase name="testMethod" time="0.0" classname="Falcon.ParameterDataProviderWithClassLevel">
    <skipped/>
  </testcase> <!-- testMethod -->
  <testcase name="testMethod" time="0.0" classname="Falcon.ParameterDataProviderWithClassLevel">
    <skipped/>
  </testcase> <!-- testMethod -->
  <testcase name="testMethod" time="0.0" classname="Falcon.ParameterDataProviderWithClassLevel">
    <skipped/>
  </testcase> <!-- testMethod -->
  <testcase name="testMethod" time="0.0" classname="Falcon.ParameterDataProviderWithClassLevel">
    <skipped/>
  </testcase> <!-- testMethod -->
  <testcase name="testMethod" time="0.0" classname="Falcon.ParameterDataProviderWithClassLevel">
    <skipped/>
  </testcase> <!-- testMethod -->
  <testcase name="testMethod" time="0.0" classname="Falcon.ParameterDataProviderWithClassLevel">
    <skipped/>
  </testcase> <!-- testMethod -->
  <testcase name="testMethod" time="0.0" classname="Falcon.ParameterDataProviderWithClassLevel">
    <skipped/>
  </testcase> <!-- testMethod -->
  <testcase name="testMethod" time="0.0" classname="Falcon.ParameterDataProviderWithClassLevel">
    <skipped/>
  </testcase> <!-- testMethod -->
  <testcase name="testMethod" time="0.0" classname="Falcon.ParameterDataProviderWithClassLevel">
    <skipped/>
  </testcase> <!-- testMethod -->
  <testcase name="testMethod" time="0.0" classname="Falcon.ParameterDataProviderWithClassLevel">
    <skipped/>
  </testcase> <!-- testMethod -->
  <testcase name="testMethod" time="0.0" classname="Falcon.ParameterDataProviderWithClassLevel">
    <skipped/>
  </testcase> <!-- testMethod -->
  <testcase name="testMethod" time="0.0" classname="Falcon.ParameterDataProviderWithClassLevel">
    <skipped/>
  </testcase> <!-- testMethod -->
  <testcase name="testMethod" time="0.0" classname="Falcon.ParameterDataProviderWithClassLevel">
    <skipped/>
  </testcase> <!-- testMethod -->
  <testcase name="testMethod" time="0.0" classname="Falcon.ParameterDataProviderWithClassLevel">
    <skipped/>
  </testcase> <!-- testMethod -->
  <testcase name="testMethod" time="0.0" classname="Falcon.ParameterDataProviderWithClassLevel">
    <skipped/>
  </testcase> <!-- testMethod -->
  <testcase name="testMethod" time="0.0" classname="Falcon.ParameterDataProviderWithClassLevel">
    <skipped/>
  </testcase> <!-- testMethod -->
  <testcase name="testMethod" time="0.0" classname="Falcon.ParameterDataProviderWithClassLevel">
    <skipped/>
  </testcase> <!-- testMethod -->
  <testcase name="testMethod" time="0.0" classname="Falcon.ParameterDataProviderWithClassLevel">
    <skipped/>
  </testcase> <!-- testMethod -->
  <testcase name="testMethod" time="0.0" classname="Falcon.ParameterDataProviderWithClassLevel">
    <skipped/>
  </testcase> <!-- testMethod -->
  <testcase name="testMethod" time="0.0" classname="Falcon.ParameterDataProviderWithClassLevel">
    <skipped/>
  </testcase> <!-- testMethod -->
  <testcase name="testMethod" time="0.0" classname="Falcon.ParameterDataProviderWithClassLevel">
    <skipped/>
  </testcase> <!-- testMethod -->
  <testcase name="testMethod" time="0.0" classname="Falcon.ParameterDataProviderWithClassLevel">
    <skipped/>
  </testcase> <!-- testMethod -->
  <testcase name="testMethod" time="0.0" classname="Falcon.ParameterDataProviderWithClassLevel">
    <skipped/>
  </testcase> <!-- testMethod -->
  <testcase name="testMethod" time="0.0" classname="Falcon.ParameterDataProviderWithClassLevel">
    <skipped/>
  </testcase> <!-- testMethod -->
  <testcase name="testMethod" time="0.0" classname="Falcon.ParameterDataProviderWithClassLevel">
    <skipped/>
  </testcase> <!-- testMethod -->
  <testcase name="testMethod" time="0.0" classname="Falcon.ParameterDataProviderWithClassLevel">
    <skipped/>
  </testcase> <!-- testMethod -->
  <testcase name="testMethod" time="0.0" classname="Falcon.ParameterDataProviderWithClassLevel">
    <skipped/>
  </testcase> <!-- testMethod -->
  <testcase name="testMethod" time="0.0" classname="Falcon.ParameterDataProviderWithClassLevel">
    <skipped/>
  </testcase> <!-- testMethod -->
  <testcase name="testMethod" time="0.0" classname="Falcon.ParameterDataProviderWithClassLevel">
    <skipped/>
  </testcase> <!-- testMethod -->
  <testcase name="testMethod" time="0.0" classname="Falcon.ParameterDataProviderWithClassLevel">
    <skipped/>
  </testcase> <!-- testMethod -->
  <testcase name="testMethod" time="0.0" classname="Falcon.ParameterDataProviderWithClassLevel">
    <skipped/>
  </testcase> <!-- testMethod -->
  <testcase name="testMethod" time="0.0" classname="Falcon.ParameterDataProviderWithClassLevel">
    <skipped/>
  </testcase> <!-- testMethod -->
  <testcase name="testMethod" time="0.0" classname="Falcon.ParameterDataProviderWithClassLevel">
    <skipped/>
  </testcase> <!-- testMethod -->
  <testcase name="testMethod" time="0.0" classname="Falcon.ParameterDataProviderWithClassLevel">
    <skipped/>
  </testcase> <!-- testMethod -->
  <testcase name="testMethod" time="0.0" classname="Falcon.ParameterDataProviderWithClassLevel">
    <skipped/>
  </testcase> <!-- testMethod -->
  <testcase name="testMethod" time="0.0" classname="Falcon.ParameterDataProviderWithClassLevel">
    <skipped/>
  </testcase> <!-- testMethod -->
  <testcase name="testMethod" time="0.0" classname="Falcon.ParameterDataProviderWithClassLevel">
    <skipped/>
  </testcase> <!-- testMethod -->
  <testcase name="testMethod" time="0.0" classname="Falcon.ParameterDataProviderWithClassLevel">
    <skipped/>
  </testcase> <!-- testMethod -->
  <testcase name="testMethod" time="0.0" classname="Falcon.ParameterDataProviderWithClassLevel">
    <skipped/>
  </testcase> <!-- testMethod -->
  <testcase name="testMethod" time="0.0" classname="Falcon.ParameterDataProviderWithClassLevel">
    <skipped/>
  </testcase> <!-- testMethod -->
  <testcase name="testMethod" time="0.0" classname="Falcon.ParameterDataProviderWithClassLevel">
    <skipped/>
  </testcase> <!-- testMethod -->
  <testcase name="testMethod" time="0.0" classname="Falcon.ParameterDataProviderWithClassLevel">
    <skipped/>
  </testcase> <!-- testMethod -->
  <testcase name="testMethod" time="0.0" classname="Falcon.ParameterDataProviderWithClassLevel">
    <skipped/>
  </testcase> <!-- testMethod -->
  <testcase name="testMethod" time="0.0" classname="Falcon.ParameterDataProviderWithClassLevel">
    <skipped/>
  </testcase> <!-- testMethod -->
  <testcase name="testMethod" time="0.0" classname="Falcon.ParameterDataProviderWithClassLevel">
    <skipped/>
  </testcase> <!-- testMethod -->
  <testcase name="testMethod" time="0.0" classname="Falcon.ParameterDataProviderWithClassLevel">
    <skipped/>
  </testcase> <!-- testMethod -->
  <testcase name="testMethod" time="0.0" classname="Falcon.ParameterDataProviderWithClassLevel">
    <skipped/>
  </testcase> <!-- testMethod -->
  <testcase name="testMethod" time="0.0" classname="Falcon.ParameterDataProviderWithClassLevel">
    <skipped/>
  </testcase> <!-- testMethod -->
  <testcase name="testMethod" time="0.0" classname="Falcon.ParameterDataProviderWithClassLevel">
    <skipped/>
  </testcase> <!-- testMethod -->
  <testcase name="testMethod" time="0.0" classname="Falcon.ParameterDataProviderWithClassLevel">
    <skipped/>
  </testcase> <!-- testMethod -->
  <testcase name="testMethod" time="0.0" classname="Falcon.ParameterDataProviderWithClassLevel">
    <skipped/>
  </testcase> <!-- testMethod -->
  <testcase name="testMethod" time="0.0" classname="Falcon.ParameterDataProviderWithClassLevel">
    <skipped/>
  </testcase> <!-- testMethod -->
  <testcase name="testMethod" time="0.0" classname="Falcon.ParameterDataProviderWithClassLevel">
    <skipped/>
  </testcase> <!-- testMethod -->
  <testcase name="testMethod" time="0.0" classname="Falcon.ParameterDataProviderWithClassLevel">
    <skipped/>
  </testcase> <!-- testMethod -->
  <testcase name="testMethod" time="0.0" classname="Falcon.ParameterDataProviderWithClassLevel">
    <skipped/>
  </testcase> <!-- testMethod -->
  <testcase name="testMethod" time="0.0" classname="Falcon.ParameterDataProviderWithClassLevel">
    <skipped/>
  </testcase> <!-- testMethod -->
  <testcase name="testMethod" time="0.0" classname="Falcon.ParameterDataProviderWithClassLevel">
    <skipped/>
  </testcase> <!-- testMethod -->
  <testcase name="testMethod" time="0.0" classname="Falcon.ParameterDataProviderWithClassLevel">
    <skipped/>
  </testcase> <!-- testMethod -->
  <testcase name="testMethod" time="0.0" classname="Falcon.ParameterDataProviderWithClassLevel">
    <skipped/>
  </testcase> <!-- testMethod -->
  <testcase name="testMethod" time="0.0" classname="Falcon.ParameterDataProviderWithClassLevel">
    <skipped/>
  </testcase> <!-- testMethod -->
  <testcase name="testMethod" time="0.0" classname="Falcon.ParameterDataProviderWithClassLevel">
    <skipped/>
  </testcase> <!-- testMethod -->
  <testcase name="testMethod" time="0.0" classname="Falcon.ParameterDataProviderWithClassLevel">
    <skipped/>
  </testcase> <!-- testMethod -->
  <testcase name="testMethod" time="0.0" classname="Falcon.ParameterDataProviderWithClassLevel">
    <skipped/>
  </testcase> <!-- testMethod -->
  <testcase name="testMethod" time="0.0" classname="Falcon.ParameterDataProviderWithClassLevel">
    <skipped/>
  </testcase> <!-- testMethod -->
  <testcase name="testMethod" time="0.0" classname="Falcon.ParameterDataProviderWithClassLevel">
    <skipped/>
  </testcase> <!-- testMethod -->
  <testcase name="testMethod" time="0.0" classname="Falcon.ParameterDataProviderWithClassLevel">
    <skipped/>
  </testcase> <!-- testMethod -->
  <testcase name="testMethod" time="0.0" classname="Falcon.ParameterDataProviderWithClassLevel">
    <skipped/>
  </testcase> <!-- testMethod -->
  <testcase name="testMethod" time="0.0" classname="Falcon.ParameterDataProviderWithClassLevel">
    <skipped/>
  </testcase> <!-- testMethod -->
  <testcase name="testMethod" time="0.0" classname="Falcon.ParameterDataProviderWithClassLevel">
    <skipped/>
  </testcase> <!-- testMethod -->
  <testcase name="testMethod" time="0.0" classname="Falcon.ParameterDataProviderWithClassLevel">
    <skipped/>
  </testcase> <!-- testMethod -->
  <testcase name="testMethod" time="0.0" classname="Falcon.ParameterDataProviderWithClassLevel">
    <skipped/>
  </testcase> <!-- testMethod -->
  <testcase name="testMethod" time="0.0" classname="Falcon.ParameterDataProviderWithClassLevel">
    <skipped/>
  </testcase> <!-- testMethod -->
  <testcase name="testMethod" time="0.0" classname="Falcon.ParameterDataProviderWithClassLevel">
    <skipped/>
  </testcase> <!-- testMethod -->
  <testcase name="testMethod" time="0.0" classname="Falcon.ParameterDataProviderWithClassLevel">
    <skipped/>
  </testcase> <!-- testMethod -->
  <testcase name="testMethod" time="0.0" classname="Falcon.ParameterDataProviderWithClassLevel">
    <skipped/>
  </testcase> <!-- testMethod -->
  <testcase name="testMethod" time="0.0" classname="Falcon.ParameterDataProviderWithClassLevel">
    <skipped/>
  </testcase> <!-- testMethod -->
  <testcase name="testMethod" time="0.0" classname="Falcon.ParameterDataProviderWithClassLevel">
    <skipped/>
  </testcase> <!-- testMethod -->
  <testcase name="testMethod" time="0.0" classname="Falcon.ParameterDataProviderWithClassLevel">
    <skipped/>
  </testcase> <!-- testMethod -->
  <testcase name="testMethod" time="0.0" classname="Falcon.ParameterDataProviderWithClassLevel">
    <skipped/>
  </testcase> <!-- testMethod -->
  <testcase name="testMethod" time="0.0" classname="Falcon.ParameterDataProviderWithClassLevel">
    <skipped/>
  </testcase> <!-- testMethod -->
  <testcase name="testMethod" time="0.0" classname="Falcon.ParameterDataProviderWithClassLevel">
    <skipped/>
  </testcase> <!-- testMethod -->
  <testcase name="testMethod" time="0.0" classname="Falcon.ParameterDataProviderWithClassLevel">
    <skipped/>
  </testcase> <!-- testMethod -->
  <testcase name="testMethod" time="0.0" classname="Falcon.ParameterDataProviderWithClassLevel">
    <skipped/>
  </testcase> <!-- testMethod -->
  <testcase name="testMethod" time="0.0" classname="Falcon.ParameterDataProviderWithClassLevel">
    <skipped/>
  </testcase> <!-- testMethod -->
  <testcase name="testMethod" time="0.0" classname="Falcon.ParameterDataProviderWithClassLevel">
    <skipped/>
  </testcase> <!-- testMethod -->
  <testcase name="testMethod" time="0.0" classname="Falcon.ParameterDataProviderWithClassLevel">
    <skipped/>
  </testcase> <!-- testMethod -->
  <testcase name="testMethod" time="0.0" classname="Falcon.ParameterDataProviderWithClassLevel">
    <skipped/>
  </testcase> <!-- testMethod -->
  <testcase name="testMethod" time="0.0" classname="Falcon.ParameterDataProviderWithClassLevel">
    <skipped/>
  </testcase> <!-- testMethod -->
  <testcase name="testMethod" time="0.0" classname="Falcon.ParameterDataProviderWithClassLevel">
    <skipped/>
  </testcase> <!-- testMethod -->
  <testcase name="testMethod" time="0.0" classname="Falcon.ParameterDataProviderWithClassLevel">
    <skipped/>
  </testcase> <!-- testMethod -->
  <testcase name="testMethod" time="0.0" classname="Falcon.ParameterDataProviderWithClassLevel">
    <skipped/>
  </testcase> <!-- testMethod -->
  <testcase name="testMethod" time="0.0" classname="Falcon.ParameterDataProviderWithClassLevel">
    <skipped/>
  </testcase> <!-- testMethod -->
  <testcase name="testMethod" time="0.0" classname="Falcon.ParameterDataProviderWithClassLevel">
    <skipped/>
  </testcase> <!-- testMethod -->
  <testcase name="testMethod" time="0.0" classname="Falcon.ParameterDataProviderWithClassLevel">
    <skipped/>
  </testcase> <!-- testMethod -->
  <testcase name="testMethod" time="0.0" classname="Falcon.ParameterDataProviderWithClassLevel">
    <skipped/>
  </testcase> <!-- testMethod -->
  <testcase name="testMethod" time="0.0" classname="Falcon.ParameterDataProviderWithClassLevel">
    <skipped/>
  </testcase> <!-- testMethod -->
  <testcase name="testMethod" time="0.0" classname="Falcon.ParameterDataProviderWithClassLevel">
    <skipped/>
  </testcase> <!-- testMethod -->
  <testcase name="testMethod" time="0.0" classname="Falcon.ParameterDataProviderWithClassLevel">
    <skipped/>
  </testcase> <!-- testMethod -->
  <testcase name="testMethod" time="0.0" classname="Falcon.ParameterDataProviderWithClassLevel">
    <skipped/>
  </testcase> <!-- testMethod -->
  <testcase name="testMethod" time="0.0" classname="Falcon.ParameterDataProviderWithClassLevel">
    <skipped/>
  </testcase> <!-- testMethod -->
  <testcase name="testMethod" time="0.0" classname="Falcon.ParameterDataProviderWithClassLevel">
    <skipped/>
  </testcase> <!-- testMethod -->
  <testcase name="testMethod" time="0.0" classname="Falcon.ParameterDataProviderWithClassLevel">
    <skipped/>
  </testcase> <!-- testMethod -->
  <testcase name="testMethod" time="0.0" classname="Falcon.ParameterDataProviderWithClassLevel">
    <skipped/>
  </testcase> <!-- testMethod -->
  <testcase name="testMethod" time="0.0" classname="Falcon.ParameterDataProviderWithClassLevel">
    <skipped/>
  </testcase> <!-- testMethod -->
  <testcase name="testMethod" time="0.0" classname="Falcon.ParameterDataProviderWithClassLevel">
    <skipped/>
  </testcase> <!-- testMethod -->
  <testcase name="testMethod" time="0.0" classname="Falcon.ParameterDataProviderWithClassLevel">
    <skipped/>
  </testcase> <!-- testMethod -->
  <testcase name="testMethod" time="0.0" classname="Falcon.ParameterDataProviderWithClassLevel">
    <skipped/>
  </testcase> <!-- testMethod -->
  <testcase name="testMethod" time="0.0" classname="Falcon.ParameterDataProviderWithClassLevel">
    <skipped/>
  </testcase> <!-- testMethod -->
  <testcase name="testMethod" time="0.0" classname="Falcon.ParameterDataProviderWithClassLevel">
    <skipped/>
  </testcase> <!-- testMethod -->
  <testcase name="testMethod" time="0.0" classname="Falcon.ParameterDataProviderWithClassLevel">
    <skipped/>
  </testcase> <!-- testMethod -->
  <testcase name="testMethod" time="0.0" classname="Falcon.ParameterDataProviderWithClassLevel">
    <skipped/>
  </testcase> <!-- testMethod -->
  <testcase name="testMethod" time="0.0" classname="Falcon.ParameterDataProviderWithClassLevel">
    <skipped/>
  </testcase> <!-- testMethod -->
  <testcase name="testMethod" time="0.0" classname="Falcon.ParameterDataProviderWithClassLevel">
    <skipped/>
  </testcase> <!-- testMethod -->
  <testcase name="testMethod" time="0.0" classname="Falcon.ParameterDataProviderWithClassLevel">
    <skipped/>
  </testcase> <!-- testMethod -->
  <testcase name="testMethod" time="0.0" classname="Falcon.ParameterDataProviderWithClassLevel">
    <skipped/>
  </testcase> <!-- testMethod -->
  <testcase name="testMethod" time="0.0" classname="Falcon.ParameterDataProviderWithClassLevel">
    <skipped/>
  </testcase> <!-- testMethod -->
  <testcase name="testMethod" time="0.0" classname="Falcon.ParameterDataProviderWithClassLevel">
    <skipped/>
  </testcase> <!-- testMethod -->
  <testcase name="testMethod" time="0.0" classname="Falcon.ParameterDataProviderWithClassLevel">
    <skipped/>
  </testcase> <!-- testMethod -->
  <testcase name="testMethod" time="0.0" classname="Falcon.ParameterDataProviderWithClassLevel">
    <skipped/>
  </testcase> <!-- testMethod -->
  <testcase name="testMethod" time="0.0" classname="Falcon.ParameterDataProviderWithClassLevel">
    <skipped/>
  </testcase> <!-- testMethod -->
  <testcase name="testMethod" time="0.0" classname="Falcon.ParameterDataProviderWithClassLevel">
    <skipped/>
  </testcase> <!-- testMethod -->
  <testcase name="testMethod" time="0.0" classname="Falcon.ParameterDataProviderWithClassLevel">
    <skipped/>
  </testcase> <!-- testMethod -->
  <testcase name="testMethod" time="0.0" classname="Falcon.ParameterDataProviderWithClassLevel">
    <skipped/>
  </testcase> <!-- testMethod -->
  <testcase name="testMethod" time="0.0" classname="Falcon.ParameterDataProviderWithClassLevel">
    <skipped/>
  </testcase> <!-- testMethod -->
  <testcase name="testMethod" time="0.0" classname="Falcon.ParameterDataProviderWithClassLevel">
    <skipped/>
  </testcase> <!-- testMethod -->
  <testcase name="testMethod" time="0.0" classname="Falcon.ParameterDataProviderWithClassLevel">
    <skipped/>
  </testcase> <!-- testMethod -->
  <testcase name="testMethod" time="0.0" classname="Falcon.ParameterDataProviderWithClassLevel">
    <skipped/>
  </testcase> <!-- testMethod -->
  <testcase name="testMethod" time="0.0" classname="Falcon.ParameterDataProviderWithClassLevel">
    <skipped/>
  </testcase> <!-- testMethod -->
  <testcase name="testMethod" time="0.0" classname="Falcon.ParameterDataProviderWithClassLevel">
    <skipped/>
  </testcase> <!-- testMethod -->
  <testcase name="testMethod" time="0.0" classname="Falcon.ParameterDataProviderWithClassLevel">
    <skipped/>
  </testcase> <!-- testMethod -->
  <testcase name="testMethod" time="0.0" classname="Falcon.ParameterDataProviderWithClassLevel">
    <skipped/>
  </testcase> <!-- testMethod -->
  <testcase name="testMethod" time="0.0" classname="Falcon.ParameterDataProviderWithClassLevel">
    <skipped/>
  </testcase> <!-- testMethod -->
  <testcase name="testMethod" time="0.0" classname="Falcon.ParameterDataProviderWithClassLevel">
    <skipped/>
  </testcase> <!-- testMethod -->
  <testcase name="testMethod" time="0.0" classname="Falcon.ParameterDataProviderWithClassLevel">
    <skipped/>
  </testcase> <!-- testMethod -->
  <testcase name="testMethod" time="0.0" classname="Falcon.ParameterDataProviderWithClassLevel">
    <skipped/>
  </testcase> <!-- testMethod -->
  <testcase name="testMethod" time="0.0" classname="Falcon.ParameterDataProviderWithClassLevel">
    <skipped/>
  </testcase> <!-- testMethod -->
  <testcase name="testMethod" time="0.0" classname="Falcon.ParameterDataProviderWithClassLevel">
    <skipped/>
  </testcase> <!-- testMethod -->
  <testcase name="testMethod" time="0.0" classname="Falcon.ParameterDataProviderWithClassLevel">
    <skipped/>
  </testcase> <!-- testMethod -->
  <testcase name="testMethod" time="0.0" classname="Falcon.ParameterDataProviderWithClassLevel">
    <skipped/>
  </testcase> <!-- testMethod -->
  <testcase name="testMethod" time="0.0" classname="Falcon.ParameterDataProviderWithClassLevel">
    <skipped/>
  </testcase> <!-- testMethod -->
  <testcase name="testMethod" time="0.0" classname="Falcon.ParameterDataProviderWithClassLevel">
    <skipped/>
  </testcase> <!-- testMethod -->
  <testcase name="testMethod" time="0.0" classname="Falcon.ParameterDataProviderWithClassLevel">
    <skipped/>
  </testcase> <!-- testMethod -->
  <testcase name="testMethod" time="0.0" classname="Falcon.ParameterDataProviderWithClassLevel">
    <skipped/>
  </testcase> <!-- testMethod -->
  <testcase name="testMethod" time="0.0" classname="Falcon.ParameterDataProviderWithClassLevel">
    <skipped/>
  </testcase> <!-- testMethod -->
  <testcase name="testMethod" time="0.0" classname="Falcon.ParameterDataProviderWithClassLevel">
    <skipped/>
  </testcase> <!-- testMethod -->
  <testcase name="testMethod" time="0.0" classname="Falcon.ParameterDataProviderWithClassLevel">
    <skipped/>
  </testcase> <!-- testMethod -->
  <testcase name="testMethod" time="0.0" classname="Falcon.ParameterDataProviderWithClassLevel">
    <skipped/>
  </testcase> <!-- testMethod -->
  <testcase name="testMethod" time="0.0" classname="Falcon.ParameterDataProviderWithClassLevel">
    <skipped/>
  </testcase> <!-- testMethod -->
  <testcase name="testMethod" time="0.0" classname="Falcon.ParameterDataProviderWithClassLevel">
    <skipped/>
  </testcase> <!-- testMethod -->
  <testcase name="testMethod" time="0.0" classname="Falcon.ParameterDataProviderWithClassLevel">
    <skipped/>
  </testcase> <!-- testMethod -->
  <testcase name="testMethod" time="0.0" classname="Falcon.ParameterDataProviderWithClassLevel">
    <skipped/>
  </testcase> <!-- testMethod -->
  <testcase name="testMethod" time="0.0" classname="Falcon.ParameterDataProviderWithClassLevel">
    <skipped/>
  </testcase> <!-- testMethod -->
  <testcase name="testMethod" time="0.0" classname="Falcon.ParameterDataProviderWithClassLevel">
    <skipped/>
  </testcase> <!-- testMethod -->
  <testcase name="testMethod" time="0.0" classname="Falcon.ParameterDataProviderWithClassLevel">
    <skipped/>
  </testcase> <!-- testMethod -->
  <testcase name="testMethod" time="0.0" classname="Falcon.ParameterDataProviderWithClassLevel">
    <skipped/>
  </testcase> <!-- testMethod -->
  <testcase name="testMethod" time="0.0" classname="Falcon.ParameterDataProviderWithClassLevel">
    <skipped/>
  </testcase> <!-- testMethod -->
  <testcase name="testMethod" time="0.0" classname="Falcon.ParameterDataProviderWithClassLevel">
    <skipped/>
  </testcase> <!-- testMethod -->
  <testcase name="testMethod" time="0.0" classname="Falcon.ParameterDataProviderWithClassLevel">
    <skipped/>
  </testcase> <!-- testMethod -->
  <testcase name="testMethod" time="0.0" classname="Falcon.ParameterDataProviderWithClassLevel">
    <skipped/>
  </testcase> <!-- testMethod -->
  <testcase name="testMethod" time="0.0" classname="Falcon.ParameterDataProviderWithClassLevel">
    <skipped/>
  </testcase> <!-- testMethod -->
  <testcase name="testMethod" time="0.0" classname="Falcon.ParameterDataProviderWithClassLevel">
    <skipped/>
  </testcase> <!-- testMethod -->
  <testcase name="testMethod" time="0.0" classname="Falcon.ParameterDataProviderWithClassLevel">
    <skipped/>
  </testcase> <!-- testMethod -->
  <testcase name="testMethod" time="0.0" classname="Falcon.ParameterDataProviderWithClassLevel">
    <skipped/>
  </testcase> <!-- testMethod -->
  <testcase name="testMethod" time="0.0" classname="Falcon.ParameterDataProviderWithClassLevel">
    <skipped/>
  </testcase> <!-- testMethod -->
  <testcase name="testMethod" time="0.0" classname="Falcon.ParameterDataProviderWithClassLevel">
    <skipped/>
  </testcase> <!-- testMethod -->
  <testcase name="testMethod" time="0.0" classname="Falcon.ParameterDataProviderWithClassLevel">
    <skipped/>
  </testcase> <!-- testMethod -->
  <testcase name="testMethod" time="0.0" classname="Falcon.ParameterDataProviderWithClassLevel">
    <skipped/>
  </testcase> <!-- testMethod -->
  <testcase name="testMethod" time="0.0" classname="Falcon.ParameterDataProviderWithClassLevel">
    <skipped/>
  </testcase> <!-- testMethod -->
  <testcase name="testMethod" time="0.0" classname="Falcon.ParameterDataProviderWithClassLevel">
    <skipped/>
  </testcase> <!-- testMethod -->
  <testcase name="testMethod" time="0.0" classname="Falcon.ParameterDataProviderWithClassLevel">
    <skipped/>
  </testcase> <!-- testMethod -->
  <testcase name="testMethod" time="0.0" classname="Falcon.ParameterDataProviderWithClassLevel">
    <skipped/>
  </testcase> <!-- testMethod -->
  <testcase name="testMethod" time="0.0" classname="Falcon.ParameterDataProviderWithClassLevel">
    <skipped/>
  </testcase> <!-- testMethod -->
  <testcase name="testMethod" time="0.0" classname="Falcon.ParameterDataProviderWithClassLevel">
    <skipped/>
  </testcase> <!-- testMethod -->
  <testcase name="testMethod" time="0.0" classname="Falcon.ParameterDataProviderWithClassLevel">
    <skipped/>
  </testcase> <!-- testMethod -->
  <testcase name="testMethod" time="0.0" classname="Falcon.ParameterDataProviderWithClassLevel">
    <skipped/>
  </testcase> <!-- testMethod -->
  <testcase name="testMethod" time="0.0" classname="Falcon.ParameterDataProviderWithClassLevel">
    <skipped/>
  </testcase> <!-- testMethod -->
  <testcase name="testMethod" time="0.0" classname="Falcon.ParameterDataProviderWithClassLevel">
    <skipped/>
  </testcase> <!-- testMethod -->
  <testcase name="testMethod" time="0.0" classname="Falcon.ParameterDataProviderWithClassLevel">
    <skipped/>
  </testcase> <!-- testMethod -->
  <testcase name="testMethod" time="0.0" classname="Falcon.ParameterDataProviderWithClassLevel">
    <skipped/>
  </testcase> <!-- testMethod -->
  <testcase name="testMethod" time="0.0" classname="Falcon.ParameterDataProviderWithClassLevel">
    <skipped/>
  </testcase> <!-- testMethod -->
  <testcase name="testMethod" time="0.0" classname="Falcon.ParameterDataProviderWithClassLevel">
    <skipped/>
  </testcase> <!-- testMethod -->
  <testcase name="testMethod" time="0.0" classname="Falcon.ParameterDataProviderWithClassLevel">
    <skipped/>
  </testcase> <!-- testMethod -->
  <testcase name="testMethod" time="0.0" classname="Falcon.ParameterDataProviderWithClassLevel">
    <skipped/>
  </testcase> <!-- testMethod -->
  <testcase name="testMethod" time="0.0" classname="Falcon.ParameterDataProviderWithClassLevel">
    <skipped/>
  </testcase> <!-- testMethod -->
  <testcase name="testMethod" time="0.0" classname="Falcon.ParameterDataProviderWithClassLevel">
    <skipped/>
  </testcase> <!-- testMethod -->
  <testcase name="testMethod" time="0.0" classname="Falcon.ParameterDataProviderWithClassLevel">
    <skipped/>
  </testcase> <!-- testMethod -->
  <testcase name="testMethod" time="0.0" classname="Falcon.ParameterDataProviderWithClassLevel">
    <skipped/>
  </testcase> <!-- testMethod -->
  <testcase name="testMethod" time="0.0" classname="Falcon.ParameterDataProviderWithClassLevel">
    <skipped/>
  </testcase> <!-- testMethod -->
  <testcase name="testMethod" time="0.0" classname="Falcon.ParameterDataProviderWithClassLevel">
    <skipped/>
  </testcase> <!-- testMethod -->
  <testcase name="testMethod" time="0.0" classname="Falcon.ParameterDataProviderWithClassLevel">
    <skipped/>
  </testcase> <!-- testMethod -->
  <testcase name="testMethod" time="0.0" classname="Falcon.ParameterDataProviderWithClassLevel">
    <skipped/>
  </testcase> <!-- testMethod -->
  <testcase name="testMethod" time="0.0" classname="Falcon.ParameterDataProviderWithClassLevel">
    <skipped/>
  </testcase> <!-- testMethod -->
  <testcase name="testMethod" time="0.0" classname="Falcon.ParameterDataProviderWithClassLevel">
    <skipped/>
  </testcase> <!-- testMethod -->
  <testcase name="testMethod" time="0.0" classname="Falcon.ParameterDataProviderWithClassLevel">
    <skipped/>
  </testcase> <!-- testMethod -->
  <testcase name="testMethod" time="0.0" classname="Falcon.ParameterDataProviderWithClassLevel">
    <skipped/>
  </testcase> <!-- testMethod -->
  <testcase name="testMethod" time="0.0" classname="Falcon.ParameterDataProviderWithClassLevel">
    <skipped/>
  </testcase> <!-- testMethod -->
  <testcase name="testMethod" time="0.0" classname="Falcon.ParameterDataProviderWithClassLevel">
    <skipped/>
  </testcase> <!-- testMethod -->
  <testcase name="testMethod" time="0.0" classname="Falcon.ParameterDataProviderWithClassLevel">
    <skipped/>
  </testcase> <!-- testMethod -->
  <testcase name="testMethod" time="0.0" classname="Falcon.ParameterDataProviderWithClassLevel">
    <skipped/>
  </testcase> <!-- testMethod -->
  <testcase name="testMethod" time="0.0" classname="Falcon.ParameterDataProviderWithClassLevel">
    <skipped/>
  </testcase> <!-- testMethod -->
  <testcase name="testMethod" time="0.0" classname="Falcon.ParameterDataProviderWithClassLevel">
    <skipped/>
  </testcase> <!-- testMethod -->
  <testcase name="testMethod" time="0.0" classname="Falcon.ParameterDataProviderWithClassLevel">
    <skipped/>
  </testcase> <!-- testMethod -->
  <testcase name="testMethod" time="0.0" classname="Falcon.ParameterDataProviderWithClassLevel">
    <skipped/>
  </testcase> <!-- testMethod -->
  <testcase name="testMethod" time="0.0" classname="Falcon.ParameterDataProviderWithClassLevel">
    <skipped/>
  </testcase> <!-- testMethod -->
  <testcase name="testMethod" time="0.0" classname="Falcon.ParameterDataProviderWithClassLevel">
    <skipped/>
  </testcase> <!-- testMethod -->
  <testcase name="testMethod" time="0.0" classname="Falcon.ParameterDataProviderWithClassLevel">
    <skipped/>
  </testcase> <!-- testMethod -->
</testsuite> <!-- Test -->
